<?xml version="1.0" encoding="UTF-8"?>
<testng-results ignored="0" total="1" passed="1" failed="0" skipped="0">
  <reporter-output>
    <line>
      <![CDATA[testing]]>
    </line>
  </reporter-output>
  <suite started-at="2023-01-06T22:32:03 ICT" name="Default suite" finished-at="2023-01-06T22:32:16 ICT" duration-ms="13660">
    <groups>
    </groups>
    <test started-at="2023-01-06T22:32:03 ICT" name="Default test" finished-at="2023-01-06T22:32:16 ICT" duration-ms="13660">
      <class name="bsTest.TestClassbs">
        <test-method is-config="true" signature="launchBrowser()[pri:0, instance:bsTest.TestClassbs@479d31f3]" started-at="2023-01-06T22:32:03 ICT" name="launchBrowser" finished-at="2023-01-06T22:32:13 ICT" duration-ms="10627" status="PASS">
          <reporter-output>
          </reporter-output>
        </test-method> <!-- launchBrowser -->
        <test-method is-config="true" signature="loginToBoscovs()[pri:0, instance:bsTest.TestClassbs@479d31f3]" started-at="2023-01-06T22:32:13 ICT" name="loginToBoscovs" finished-at="2023-01-06T22:32:16 ICT" duration-ms="2885" status="PASS">
          <reporter-output>
          </reporter-output>
        </test-method> <!-- loginToBoscovs -->
        <test-method signature="f()[pri:0, instance:bsTest.TestClassbs@479d31f3]" started-at="2023-01-06T22:32:16 ICT" name="f" finished-at="2023-01-06T22:32:16 ICT" duration-ms="23" status="PASS">
          <reporter-output>
            <line>
              <![CDATA[testing]]>
            </line>
          </reporter-output>
        </test-method> <!-- f -->
      </class> <!-- bsTest.TestClassbs -->
    </test> <!-- Default test -->
  </suite> <!-- Default suite -->
</testng-results>
